ARM GAS  C:\Users\raphu\AppData\Local\Temp\cc7EOBoL.s 			page 1


   1              		.syntax unified
   2              		.cpu cortex-m3
   3              		.fpu softvfp
   4              		.eabi_attribute 20, 1
   5              		.eabi_attribute 21, 1
   6              		.eabi_attribute 23, 3
   7              		.eabi_attribute 24, 1
   8              		.eabi_attribute 25, 1
   9              		.eabi_attribute 26, 1
  10              		.eabi_attribute 30, 1
  11              		.eabi_attribute 34, 1
  12              		.eabi_attribute 18, 4
  13              		.thumb
  14              		.syntax unified
  15              		.file	"cymetadata.c"
  16              		.text
  17              	.Ltext0:
  18              		.cfi_sections	.debug_frame
  19              		.global	cy_metadata
  20              		.global	cy_meta_flashprotect
  21              		.global	cy_meta_wonvl
  22              		.global	cy_meta_custnvl
  23              		.global	cy_meta_configecc
  24              		.section	.cyconfigecc,"a",%progbits
  25              		.align	2
  26              		.type	cy_meta_configecc, %object
  27              		.size	cy_meta_configecc, 408
  28              	cy_meta_configecc:
  29 0000 02       		.byte	2
  30 0001 4F       		.byte	79
  31 0002 00       		.byte	0
  32 0003 40       		.byte	64
  33 0004 01       		.byte	1
  34 0005 52       		.byte	82
  35 0006 00       		.byte	0
  36 0007 40       		.byte	64
  37 0008 01       		.byte	1
  38 0009 65       		.byte	101
  39 000a 00       		.byte	0
  40 000b 40       		.byte	64
  41 000c 04       		.byte	4
  42 000d 06       		.byte	6
  43 000e 01       		.byte	1
  44 000f 40       		.byte	64
  45 0010 02       		.byte	2
  46 0011 07       		.byte	7
  47 0012 01       		.byte	1
  48 0013 40       		.byte	64
  49 0014 3C       		.byte	60
  50 0015 14       		.byte	20
  51 0016 01       		.byte	1
  52 0017 40       		.byte	64
  53 0018 1F       		.byte	31
  54 0019 15       		.byte	21
  55 001a 01       		.byte	1
  56 001b 40       		.byte	64
  57 001c 02       		.byte	2
ARM GAS  C:\Users\raphu\AppData\Local\Temp\cc7EOBoL.s 			page 2


  58 001d 17       		.byte	23
  59 001e 01       		.byte	1
  60 001f 40       		.byte	64
  61 0020 01       		.byte	1
  62 0021 19       		.byte	25
  63 0022 01       		.byte	1
  64 0023 40       		.byte	64
  65 0024 02       		.byte	2
  66 0025 1B       		.byte	27
  67 0026 01       		.byte	1
  68 0027 40       		.byte	64
  69 0028 02       		.byte	2
  70 0029 43       		.byte	67
  71 002a 01       		.byte	1
  72 002b 40       		.byte	64
  73 002c 02       		.byte	2
  74 002d 44       		.byte	68
  75 002e 01       		.byte	1
  76 002f 40       		.byte	64
  77 0030 03       		.byte	3
  78 0031 45       		.byte	69
  79 0032 01       		.byte	1
  80 0033 40       		.byte	64
  81 0034 04       		.byte	4
  82 0035 46       		.byte	70
  83 0036 01       		.byte	1
  84 0037 40       		.byte	64
  85 0038 02       		.byte	2
  86 0039 47       		.byte	71
  87 003a 01       		.byte	1
  88 003b 40       		.byte	64
  89 003c 04       		.byte	4
  90 003d 48       		.byte	72
  91 003e 01       		.byte	1
  92 003f 40       		.byte	64
  93 0040 01       		.byte	1
  94 0041 49       		.byte	73
  95 0042 01       		.byte	1
  96 0043 40       		.byte	64
  97 0044 04       		.byte	4
  98 0045 4C       		.byte	76
  99 0046 01       		.byte	1
 100 0047 40       		.byte	64
 101 0048 04       		.byte	4
 102 0049 4D       		.byte	77
 103 004a 01       		.byte	1
 104 004b 40       		.byte	64
 105 004c 02       		.byte	2
 106 004d 50       		.byte	80
 107 004e 01       		.byte	1
 108 004f 40       		.byte	64
 109 0050 01       		.byte	1
 110 0051 80       		.byte	-128
 111 0052 0A       		.byte	10
 112 0053 1B       		.byte	27
 113 0054 10       		.byte	16
 114 0055 80       		.byte	-128
ARM GAS  C:\Users\raphu\AppData\Local\Temp\cc7EOBoL.s 			page 3


 115 0056 85       		.byte	-123
 116 0057 0D       		.byte	13
 117 0058 38       		.byte	56
 118 0059 08       		.byte	8
 119 005a 3E       		.byte	62
 120 005b 04       		.byte	4
 121 005c 58       		.byte	88
 122 005d 04       		.byte	4
 123 005e 5F       		.byte	95
 124 005f 01       		.byte	1
 125 0060 1E       		.byte	30
 126 0061 20       		.byte	32
 127 0062 1F       		.byte	31
 128 0063 08       		.byte	8
 129 0064 40       		.byte	64
 130 0065 10       		.byte	16
 131 0066 41       		.byte	65
 132 0067 04       		.byte	4
 133 0068 49       		.byte	73
 134 0069 FF       		.byte	-1
 135 006a 4A       		.byte	74
 136 006b FF       		.byte	-1
 137 006c 4B       		.byte	75
 138 006d FF       		.byte	-1
 139 006e 4D       		.byte	77
 140 006f A0       		.byte	-96
 141 0070 4F       		.byte	79
 142 0071 04       		.byte	4
 143 0072 50       		.byte	80
 144 0073 18       		.byte	24
 145 0074 5A       		.byte	90
 146 0075 04       		.byte	4
 147 0076 5F       		.byte	95
 148 0077 01       		.byte	1
 149 0078 60       		.byte	96
 150 0079 40       		.byte	64
 151 007a 62       		.byte	98
 152 007b C0       		.byte	-64
 153 007c 64       		.byte	100
 154 007d 40       		.byte	64
 155 007e 65       		.byte	101
 156 007f 40       		.byte	64
 157 0080 66       		.byte	102
 158 0081 C0       		.byte	-64
 159 0082 68       		.byte	104
 160 0083 C0       		.byte	-64
 161 0084 6A       		.byte	106
 162 0085 C0       		.byte	-64
 163 0086 6C       		.byte	108
 164 0087 C0       		.byte	-64
 165 0088 6E       		.byte	110
 166 0089 C0       		.byte	-64
 167 008a 82       		.byte	-126
 168 008b 02       		.byte	2
 169 008c 83       		.byte	-125
 170 008d 01       		.byte	1
 171 008e 8E       		.byte	-114
ARM GAS  C:\Users\raphu\AppData\Local\Temp\cc7EOBoL.s 			page 4


 172 008f 06       		.byte	6
 173 0090 9E       		.byte	-98
 174 0091 0C       		.byte	12
 175 0092 AD       		.byte	-83
 176 0093 01       		.byte	1
 177 0094 AE       		.byte	-82
 178 0095 01       		.byte	1
 179 0096 B0       		.byte	-80
 180 0097 08       		.byte	8
 181 0098 B2       		.byte	-78
 182 0099 04       		.byte	4
 183 009a B4       		.byte	-76
 184 009b 02       		.byte	2
 185 009c B6       		.byte	-74
 186 009d 01       		.byte	1
 187 009e B7       		.byte	-73
 188 009f 01       		.byte	1
 189 00a0 BE       		.byte	-66
 190 00a1 10       		.byte	16
 191 00a2 C0       		.byte	-64
 192 00a3 10       		.byte	16
 193 00a4 C1       		.byte	-63
 194 00a5 04       		.byte	4
 195 00a6 C5       		.byte	-59
 196 00a7 D0       		.byte	-48
 197 00a8 C6       		.byte	-58
 198 00a9 02       		.byte	2
 199 00aa C7       		.byte	-57
 200 00ab 10       		.byte	16
 201 00ac C8       		.byte	-56
 202 00ad 26       		.byte	38
 203 00ae C9       		.byte	-55
 204 00af FF       		.byte	-1
 205 00b0 CA       		.byte	-54
 206 00b1 FF       		.byte	-1
 207 00b2 CB       		.byte	-53
 208 00b3 FF       		.byte	-1
 209 00b4 CD       		.byte	-51
 210 00b5 AF       		.byte	-81
 211 00b6 CE       		.byte	-50
 212 00b7 0F       		.byte	15
 213 00b8 CF       		.byte	-49
 214 00b9 04       		.byte	4
 215 00ba D0       		.byte	-48
 216 00bb 18       		.byte	24
 217 00bc D2       		.byte	-46
 218 00bd 80       		.byte	-128
 219 00be D4       		.byte	-44
 220 00bf 05       		.byte	5
 221 00c0 D8       		.byte	-40
 222 00c1 04       		.byte	4
 223 00c2 D9       		.byte	-39
 224 00c3 04       		.byte	4
 225 00c4 DA       		.byte	-38
 226 00c5 04       		.byte	4
 227 00c6 DB       		.byte	-37
 228 00c7 04       		.byte	4
ARM GAS  C:\Users\raphu\AppData\Local\Temp\cc7EOBoL.s 			page 5


 229 00c8 DF       		.byte	-33
 230 00c9 01       		.byte	1
 231 00ca E0       		.byte	-32
 232 00cb 40       		.byte	64
 233 00cc E2       		.byte	-30
 234 00cd C0       		.byte	-64
 235 00ce E4       		.byte	-28
 236 00cf 40       		.byte	64
 237 00d0 E5       		.byte	-27
 238 00d1 40       		.byte	64
 239 00d2 E6       		.byte	-26
 240 00d3 C0       		.byte	-64
 241 00d4 E8       		.byte	-24
 242 00d5 C0       		.byte	-64
 243 00d6 EA       		.byte	-22
 244 00d7 C0       		.byte	-64
 245 00d8 EC       		.byte	-20
 246 00d9 C0       		.byte	-64
 247 00da EE       		.byte	-18
 248 00db C0       		.byte	-64
 249 00dc 05       		.byte	5
 250 00dd 40       		.byte	64
 251 00de 06       		.byte	6
 252 00df 80       		.byte	-128
 253 00e0 0F       		.byte	15
 254 00e1 02       		.byte	2
 255 00e2 17       		.byte	23
 256 00e3 40       		.byte	64
 257 00e4 1C       		.byte	28
 258 00e5 21       		.byte	33
 259 00e6 1D       		.byte	29
 260 00e7 C0       		.byte	-64
 261 00e8 1E       		.byte	30
 262 00e9 08       		.byte	8
 263 00ea 1F       		.byte	31
 264 00eb 02       		.byte	2
 265 00ec 26       		.byte	38
 266 00ed 40       		.byte	64
 267 00ee 2F       		.byte	47
 268 00ef 02       		.byte	2
 269 00f0 3F       		.byte	63
 270 00f1 02       		.byte	2
 271 00f2 40       		.byte	64
 272 00f3 01       		.byte	1
 273 00f4 42       		.byte	66
 274 00f5 80       		.byte	-128
 275 00f6 45       		.byte	69
 276 00f7 80       		.byte	-128
 277 00f8 46       		.byte	70
 278 00f9 80       		.byte	-128
 279 00fa 4F       		.byte	79
 280 00fb 01       		.byte	1
 281 00fc 56       		.byte	86
 282 00fd 80       		.byte	-128
 283 00fe 57       		.byte	87
 284 00ff 01       		.byte	1
 285 0100 5E       		.byte	94
ARM GAS  C:\Users\raphu\AppData\Local\Temp\cc7EOBoL.s 			page 6


 286 0101 88       		.byte	-120
 287 0102 5F       		.byte	95
 288 0103 01       		.byte	1
 289 0104 77       		.byte	119
 290 0105 40       		.byte	64
 291 0106 84       		.byte	-124
 292 0107 10       		.byte	16
 293 0108 C0       		.byte	-64
 294 0109 90       		.byte	-112
 295 010a C2       		.byte	-62
 296 010b 80       		.byte	-128
 297 010c C4       		.byte	-60
 298 010d 80       		.byte	-128
 299 010e CA       		.byte	-54
 300 010f 10       		.byte	16
 301 0110 CE       		.byte	-50
 302 0111 80       		.byte	-128
 303 0112 D0       		.byte	-48
 304 0113 99       		.byte	-103
 305 0114 D6       		.byte	-42
 306 0115 D0       		.byte	-48
 307 0116 E0       		.byte	-32
 308 0117 08       		.byte	8
 309 0118 E8       		.byte	-24
 310 0119 20       		.byte	32
 311 011a AB       		.byte	-85
 312 011b 08       		.byte	8
 313 011c B2       		.byte	-78
 314 011d 10       		.byte	16
 315 011e E8       		.byte	-24
 316 011f 80       		.byte	-128
 317 0120 E0       		.byte	-32
 318 0121 08       		.byte	8
 319 0122 E8       		.byte	-24
 320 0123 20       		.byte	32
 321 0124 63       		.byte	99
 322 0125 20       		.byte	32
 323 0126 D8       		.byte	-40
 324 0127 40       		.byte	64
 325 0128 7C       		.byte	124
 326 0129 20       		.byte	32
 327 012a DE       		.byte	-34
 328 012b 01       		.byte	1
 329 012c 5E       		.byte	94
 330 012d 01       		.byte	1
 331 012e 9C       		.byte	-100
 332 012f 20       		.byte	32
 333 0130 D6       		.byte	-42
 334 0131 01       		.byte	1
 335 0132 44       		.byte	68
 336 0133 10       		.byte	16
 337 0134 96       		.byte	-106
 338 0135 01       		.byte	1
 339 0136 9C       		.byte	-100
 340 0137 20       		.byte	32
 341 0138 D0       		.byte	-48
 342 0139 01       		.byte	1
ARM GAS  C:\Users\raphu\AppData\Local\Temp\cc7EOBoL.s 			page 7


 343 013a 96       		.byte	-106
 344 013b 01       		.byte	1
 345 013c 9C       		.byte	-100
 346 013d 30       		.byte	48
 347 013e 21       		.byte	33
 348 013f 01       		.byte	1
 349 0140 AB       		.byte	-85
 350 0141 10       		.byte	16
 351 0142 C8       		.byte	-56
 352 0143 40       		.byte	64
 353 0144 EE       		.byte	-18
 354 0145 80       		.byte	-128
 355 0146 B1       		.byte	-79
 356 0147 01       		.byte	1
 357 0148 96       		.byte	-106
 358 0149 01       		.byte	1
 359 014a 9C       		.byte	-100
 360 014b 10       		.byte	16
 361 014c B0       		.byte	-80
 362 014d 20       		.byte	32
 363 014e E8       		.byte	-24
 364 014f 01       		.byte	1
 365 0150 86       		.byte	-122
 366 0151 01       		.byte	1
 367 0152 96       		.byte	-106
 368 0153 01       		.byte	1
 369 0154 B0       		.byte	-80
 370 0155 10       		.byte	16
 371 0156 E8       		.byte	-24
 372 0157 04       		.byte	4
 373 0158 10       		.byte	16
 374 0159 01       		.byte	1
 375 015a 1A       		.byte	26
 376 015b 01       		.byte	1
 377 015c 00       		.byte	0
 378 015d 63       		.byte	99
 379 015e 63       		.byte	99
 380 015f 00       		.byte	0
 381 0160 00       		.byte	0
 382 0161 00       		.byte	0
 383 0162 80       		.byte	-128
 384 0163 00       		.byte	0
 385 0164 00       		.byte	0
 386 0165 3C       		.byte	60
 387 0166 3C       		.byte	60
 388 0167 00       		.byte	0
 389 0168 00       		.byte	0
 390 0169 00       		.byte	0
 391 016a 00       		.byte	0
 392 016b 00       		.byte	0
 393 016c 01       		.byte	1
 394 016d 00       		.byte	0
 395 016e 00       		.byte	0
 396 016f 01       		.byte	1
 397 0170 00       		.byte	0
 398 0171 00       		.byte	0
 399 0172 00       		.byte	0
ARM GAS  C:\Users\raphu\AppData\Local\Temp\cc7EOBoL.s 			page 8


 400 0173 00       		.byte	0
 401 0174 20       		.byte	32
 402 0175 00       		.byte	0
 403 0176 00       		.byte	0
 404 0177 00       		.byte	0
 405 0178 00       		.byte	0
 406 0179 0B       		.byte	11
 407 017a 0B       		.byte	11
 408 017b 00       		.byte	0
 409 017c 00       		.byte	0
 410 017d 00       		.byte	0
 411 017e 34       		.byte	52
 412 017f 00       		.byte	0
 413 0180 00       		.byte	0
 414 0181 FF       		.byte	-1
 415 0182 FF       		.byte	-1
 416 0183 00       		.byte	0
 417 0184 80       		.byte	-128
 418 0185 00       		.byte	0
 419 0186 00       		.byte	0
 420 0187 00       		.byte	0
 421 0188 E0       		.byte	-32
 422 0189 00       		.byte	0
 423 018a 00       		.byte	0
 424 018b E0       		.byte	-32
 425 018c 1A       		.byte	26
 426 018d 00       		.byte	0
 427 018e 00       		.byte	0
 428 018f 00       		.byte	0
 429 0190 00       		.byte	0
 430 0191 00       		.byte	0
 431 0192 00       		.byte	0
 432 0193 00       		.byte	0
 433 0194 25       		.byte	37
 434 0195 00       		.byte	0
 435 0196 18       		.byte	24
 436 0197 01       		.byte	1
 437              		.section	.cywolatch,"a",%progbits
 438              		.align	2
 439              		.type	cy_meta_wonvl, %object
 440              		.size	cy_meta_wonvl, 4
 441              	cy_meta_wonvl:
 442 0000 BC       		.byte	-68
 443 0001 90       		.byte	-112
 444 0002 AC       		.byte	-84
 445 0003 AF       		.byte	-81
 446              		.section	.cycustnvl,"a",%progbits
 447              		.align	2
 448              		.type	cy_meta_custnvl, %object
 449              		.size	cy_meta_custnvl, 4
 450              	cy_meta_custnvl:
 451 0000 00       		.byte	0
 452 0001 00       		.byte	0
 453 0002 40       		.byte	64
 454 0003 05       		.byte	5
 455              		.section	.cymeta,"a",%progbits
 456              		.align	2
ARM GAS  C:\Users\raphu\AppData\Local\Temp\cc7EOBoL.s 			page 9


 457              		.type	cy_metadata, %object
 458              		.size	cy_metadata, 12
 459              	cy_metadata:
 460 0000 00       		.byte	0
 461 0001 01       		.byte	1
 462 0002 2E       		.byte	46
 463 0003 16       		.byte	22
 464 0004 10       		.byte	16
 465 0005 69       		.byte	105
 466 0006 00       		.byte	0
 467 0007 01       		.byte	1
 468 0008 00       		.byte	0
 469 0009 00       		.byte	0
 470 000a 00       		.byte	0
 471 000b 00       		.byte	0
 472              		.section	.cyflashprotect,"a",%progbits
 473              		.align	2
 474              		.type	cy_meta_flashprotect, %object
 475              		.size	cy_meta_flashprotect, 256
 476              	cy_meta_flashprotect:
 477 0000 00000000 		.space	256
 477      00000000 
 477      00000000 
 477      00000000 
 477      00000000 
 478              		.text
 479              	.Letext0:
 480              		.file 1 "c:\\program files (x86)\\cypress\\psoc creator\\4.4\\psoc creator\\import\\gnu\\arm\\5.4.
 481              		.file 2 "c:\\program files (x86)\\cypress\\psoc creator\\4.4\\psoc creator\\import\\gnu\\arm\\5.4.
 482              		.file 3 "Generated_Source\\PSoC5\\cymetadata.c"
 483              		.section	.debug_info,"",%progbits
 484              	.Ldebug_info0:
 485 0000 31010000 		.4byte	0x131
 486 0004 0400     		.2byte	0x4
 487 0006 00000000 		.4byte	.Ldebug_abbrev0
 488 000a 04       		.byte	0x4
 489 000b 01       		.uleb128 0x1
 490 000c 24000000 		.4byte	.LASF17
 491 0010 0C       		.byte	0xc
 492 0011 D2010000 		.4byte	.LASF18
 493 0015 69010000 		.4byte	.LASF19
 494 0019 00000000 		.4byte	.Ldebug_line0
 495 001d 02       		.uleb128 0x2
 496 001e 01       		.byte	0x1
 497 001f 06       		.byte	0x6
 498 0020 C6010000 		.4byte	.LASF0
 499 0024 03       		.uleb128 0x3
 500 0025 00000000 		.4byte	.LASF9
 501 0029 01       		.byte	0x1
 502 002a 1D       		.byte	0x1d
 503 002b 2F000000 		.4byte	0x2f
 504 002f 02       		.uleb128 0x2
 505 0030 01       		.byte	0x1
 506 0031 08       		.byte	0x8
 507 0032 16000000 		.4byte	.LASF1
 508 0036 02       		.uleb128 0x2
 509 0037 02       		.byte	0x2
ARM GAS  C:\Users\raphu\AppData\Local\Temp\cc7EOBoL.s 			page 10


 510 0038 05       		.byte	0x5
 511 0039 5F010000 		.4byte	.LASF2
 512 003d 02       		.uleb128 0x2
 513 003e 02       		.byte	0x2
 514 003f 07       		.byte	0x7
 515 0040 C4000000 		.4byte	.LASF3
 516 0044 02       		.uleb128 0x2
 517 0045 04       		.byte	0x4
 518 0046 05       		.byte	0x5
 519 0047 BD010000 		.4byte	.LASF4
 520 004b 02       		.uleb128 0x2
 521 004c 04       		.byte	0x4
 522 004d 07       		.byte	0x7
 523 004e B2000000 		.4byte	.LASF5
 524 0052 02       		.uleb128 0x2
 525 0053 08       		.byte	0x8
 526 0054 05       		.byte	0x5
 527 0055 51010000 		.4byte	.LASF6
 528 0059 02       		.uleb128 0x2
 529 005a 08       		.byte	0x8
 530 005b 07       		.byte	0x7
 531 005c 06010000 		.4byte	.LASF7
 532 0060 04       		.uleb128 0x4
 533 0061 04       		.byte	0x4
 534 0062 05       		.byte	0x5
 535 0063 696E7400 		.ascii	"int\000"
 536 0067 02       		.uleb128 0x2
 537 0068 04       		.byte	0x4
 538 0069 07       		.byte	0x7
 539 006a F9000000 		.4byte	.LASF8
 540 006e 03       		.uleb128 0x3
 541 006f 1D010000 		.4byte	.LASF10
 542 0073 02       		.byte	0x2
 543 0074 18       		.byte	0x18
 544 0075 24000000 		.4byte	0x24
 545 0079 05       		.uleb128 0x5
 546 007a 91000000 		.4byte	0x91
 547 007e 8A000000 		.4byte	0x8a
 548 0082 06       		.uleb128 0x6
 549 0083 8A000000 		.4byte	0x8a
 550 0087 9701     		.2byte	0x197
 551 0089 00       		.byte	0
 552 008a 02       		.uleb128 0x2
 553 008b 04       		.byte	0x4
 554 008c 07       		.byte	0x7
 555 008d 48010000 		.4byte	.LASF11
 556 0091 07       		.uleb128 0x7
 557 0092 6E000000 		.4byte	0x6e
 558 0096 08       		.uleb128 0x8
 559 0097 E7000000 		.4byte	.LASF12
 560 009b 03       		.byte	0x3
 561 009c 1F       		.byte	0x1f
 562 009d A7000000 		.4byte	0xa7
 563 00a1 05       		.uleb128 0x5
 564 00a2 03       		.byte	0x3
 565 00a3 00000000 		.4byte	cy_meta_configecc
 566 00a7 07       		.uleb128 0x7
ARM GAS  C:\Users\raphu\AppData\Local\Temp\cc7EOBoL.s 			page 11


 567 00a8 79000000 		.4byte	0x79
 568 00ac 05       		.uleb128 0x5
 569 00ad 91000000 		.4byte	0x91
 570 00b1 BC000000 		.4byte	0xbc
 571 00b5 09       		.uleb128 0x9
 572 00b6 8A000000 		.4byte	0x8a
 573 00ba 03       		.byte	0x3
 574 00bb 00       		.byte	0
 575 00bc 08       		.uleb128 0x8
 576 00bd D7000000 		.4byte	.LASF13
 577 00c1 03       		.byte	0x3
 578 00c2 5F       		.byte	0x5f
 579 00c3 CD000000 		.4byte	0xcd
 580 00c7 05       		.uleb128 0x5
 581 00c8 03       		.byte	0x3
 582 00c9 00000000 		.4byte	cy_meta_custnvl
 583 00cd 07       		.uleb128 0x7
 584 00ce AC000000 		.4byte	0xac
 585 00d2 08       		.uleb128 0x8
 586 00d3 3A010000 		.4byte	.LASF14
 587 00d7 03       		.byte	0x3
 588 00d8 6D       		.byte	0x6d
 589 00d9 E3000000 		.4byte	0xe3
 590 00dd 05       		.uleb128 0x5
 591 00de 03       		.byte	0x3
 592 00df 00000000 		.4byte	cy_meta_wonvl
 593 00e3 07       		.uleb128 0x7
 594 00e4 AC000000 		.4byte	0xac
 595 00e8 05       		.uleb128 0x5
 596 00e9 91000000 		.4byte	0x91
 597 00ed F8000000 		.4byte	0xf8
 598 00f1 09       		.uleb128 0x9
 599 00f2 8A000000 		.4byte	0x8a
 600 00f6 FF       		.byte	0xff
 601 00f7 00       		.byte	0
 602 00f8 08       		.uleb128 0x8
 603 00f9 25010000 		.4byte	.LASF15
 604 00fd 03       		.byte	0x3
 605 00fe 7B       		.byte	0x7b
 606 00ff 09010000 		.4byte	0x109
 607 0103 05       		.uleb128 0x5
 608 0104 03       		.byte	0x3
 609 0105 00000000 		.4byte	cy_meta_flashprotect
 610 0109 07       		.uleb128 0x7
 611 010a E8000000 		.4byte	0xe8
 612 010e 05       		.uleb128 0x5
 613 010f 91000000 		.4byte	0x91
 614 0113 1E010000 		.4byte	0x11e
 615 0117 09       		.uleb128 0x9
 616 0118 8A000000 		.4byte	0x8a
 617 011c 0B       		.byte	0xb
 618 011d 00       		.byte	0
 619 011e 08       		.uleb128 0x8
 620 011f 0A000000 		.4byte	.LASF16
 621 0123 03       		.byte	0x3
 622 0124 A8       		.byte	0xa8
 623 0125 2F010000 		.4byte	0x12f
ARM GAS  C:\Users\raphu\AppData\Local\Temp\cc7EOBoL.s 			page 12


 624 0129 05       		.uleb128 0x5
 625 012a 03       		.byte	0x3
 626 012b 00000000 		.4byte	cy_metadata
 627 012f 07       		.uleb128 0x7
 628 0130 0E010000 		.4byte	0x10e
 629 0134 00       		.byte	0
 630              		.section	.debug_abbrev,"",%progbits
 631              	.Ldebug_abbrev0:
 632 0000 01       		.uleb128 0x1
 633 0001 11       		.uleb128 0x11
 634 0002 01       		.byte	0x1
 635 0003 25       		.uleb128 0x25
 636 0004 0E       		.uleb128 0xe
 637 0005 13       		.uleb128 0x13
 638 0006 0B       		.uleb128 0xb
 639 0007 03       		.uleb128 0x3
 640 0008 0E       		.uleb128 0xe
 641 0009 1B       		.uleb128 0x1b
 642 000a 0E       		.uleb128 0xe
 643 000b 10       		.uleb128 0x10
 644 000c 17       		.uleb128 0x17
 645 000d 00       		.byte	0
 646 000e 00       		.byte	0
 647 000f 02       		.uleb128 0x2
 648 0010 24       		.uleb128 0x24
 649 0011 00       		.byte	0
 650 0012 0B       		.uleb128 0xb
 651 0013 0B       		.uleb128 0xb
 652 0014 3E       		.uleb128 0x3e
 653 0015 0B       		.uleb128 0xb
 654 0016 03       		.uleb128 0x3
 655 0017 0E       		.uleb128 0xe
 656 0018 00       		.byte	0
 657 0019 00       		.byte	0
 658 001a 03       		.uleb128 0x3
 659 001b 16       		.uleb128 0x16
 660 001c 00       		.byte	0
 661 001d 03       		.uleb128 0x3
 662 001e 0E       		.uleb128 0xe
 663 001f 3A       		.uleb128 0x3a
 664 0020 0B       		.uleb128 0xb
 665 0021 3B       		.uleb128 0x3b
 666 0022 0B       		.uleb128 0xb
 667 0023 49       		.uleb128 0x49
 668 0024 13       		.uleb128 0x13
 669 0025 00       		.byte	0
 670 0026 00       		.byte	0
 671 0027 04       		.uleb128 0x4
 672 0028 24       		.uleb128 0x24
 673 0029 00       		.byte	0
 674 002a 0B       		.uleb128 0xb
 675 002b 0B       		.uleb128 0xb
 676 002c 3E       		.uleb128 0x3e
 677 002d 0B       		.uleb128 0xb
 678 002e 03       		.uleb128 0x3
 679 002f 08       		.uleb128 0x8
 680 0030 00       		.byte	0
ARM GAS  C:\Users\raphu\AppData\Local\Temp\cc7EOBoL.s 			page 13


 681 0031 00       		.byte	0
 682 0032 05       		.uleb128 0x5
 683 0033 01       		.uleb128 0x1
 684 0034 01       		.byte	0x1
 685 0035 49       		.uleb128 0x49
 686 0036 13       		.uleb128 0x13
 687 0037 01       		.uleb128 0x1
 688 0038 13       		.uleb128 0x13
 689 0039 00       		.byte	0
 690 003a 00       		.byte	0
 691 003b 06       		.uleb128 0x6
 692 003c 21       		.uleb128 0x21
 693 003d 00       		.byte	0
 694 003e 49       		.uleb128 0x49
 695 003f 13       		.uleb128 0x13
 696 0040 2F       		.uleb128 0x2f
 697 0041 05       		.uleb128 0x5
 698 0042 00       		.byte	0
 699 0043 00       		.byte	0
 700 0044 07       		.uleb128 0x7
 701 0045 26       		.uleb128 0x26
 702 0046 00       		.byte	0
 703 0047 49       		.uleb128 0x49
 704 0048 13       		.uleb128 0x13
 705 0049 00       		.byte	0
 706 004a 00       		.byte	0
 707 004b 08       		.uleb128 0x8
 708 004c 34       		.uleb128 0x34
 709 004d 00       		.byte	0
 710 004e 03       		.uleb128 0x3
 711 004f 0E       		.uleb128 0xe
 712 0050 3A       		.uleb128 0x3a
 713 0051 0B       		.uleb128 0xb
 714 0052 3B       		.uleb128 0x3b
 715 0053 0B       		.uleb128 0xb
 716 0054 49       		.uleb128 0x49
 717 0055 13       		.uleb128 0x13
 718 0056 3F       		.uleb128 0x3f
 719 0057 19       		.uleb128 0x19
 720 0058 02       		.uleb128 0x2
 721 0059 18       		.uleb128 0x18
 722 005a 00       		.byte	0
 723 005b 00       		.byte	0
 724 005c 09       		.uleb128 0x9
 725 005d 21       		.uleb128 0x21
 726 005e 00       		.byte	0
 727 005f 49       		.uleb128 0x49
 728 0060 13       		.uleb128 0x13
 729 0061 2F       		.uleb128 0x2f
 730 0062 0B       		.uleb128 0xb
 731 0063 00       		.byte	0
 732 0064 00       		.byte	0
 733 0065 00       		.byte	0
 734              		.section	.debug_aranges,"",%progbits
 735 0000 14000000 		.4byte	0x14
 736 0004 0200     		.2byte	0x2
 737 0006 00000000 		.4byte	.Ldebug_info0
ARM GAS  C:\Users\raphu\AppData\Local\Temp\cc7EOBoL.s 			page 14


 738 000a 04       		.byte	0x4
 739 000b 00       		.byte	0
 740 000c 0000     		.2byte	0
 741 000e 0000     		.2byte	0
 742 0010 00000000 		.4byte	0
 743 0014 00000000 		.4byte	0
 744              		.section	.debug_line,"",%progbits
 745              	.Ldebug_line0:
 746 0000 3D010000 		.section	.debug_str,"MS",%progbits,1
 746      02003701 
 746      00000201 
 746      FB0E0D00 
 746      01010101 
 747              	.LASF9:
 748 0000 5F5F7569 		.ascii	"__uint8_t\000"
 748      6E74385F 
 748      7400
 749              	.LASF16:
 750 000a 63795F6D 		.ascii	"cy_metadata\000"
 750      65746164 
 750      61746100 
 751              	.LASF1:
 752 0016 756E7369 		.ascii	"unsigned char\000"
 752      676E6564 
 752      20636861 
 752      7200
 753              	.LASF17:
 754 0024 474E5520 		.ascii	"GNU C11 5.4.1 20160609 (release) [ARM/embedded-5-br"
 754      43313120 
 754      352E342E 
 754      31203230 
 754      31363036 
 755 0057 616E6368 		.ascii	"anch revision 237715] -mcpu=cortex-m3 -mthumb -g -O"
 755      20726576 
 755      6973696F 
 755      6E203233 
 755      37373135 
 756 008a 67202D66 		.ascii	"g -ffunction-sections -ffat-lto-objects\000"
 756      66756E63 
 756      74696F6E 
 756      2D736563 
 756      74696F6E 
 757              	.LASF5:
 758 00b2 6C6F6E67 		.ascii	"long unsigned int\000"
 758      20756E73 
 758      69676E65 
 758      6420696E 
 758      7400
 759              	.LASF3:
 760 00c4 73686F72 		.ascii	"short unsigned int\000"
 760      7420756E 
 760      7369676E 
 760      65642069 
 760      6E7400
 761              	.LASF13:
 762 00d7 63795F6D 		.ascii	"cy_meta_custnvl\000"
 762      6574615F 
ARM GAS  C:\Users\raphu\AppData\Local\Temp\cc7EOBoL.s 			page 15


 762      63757374 
 762      6E766C00 
 763              	.LASF12:
 764 00e7 63795F6D 		.ascii	"cy_meta_configecc\000"
 764      6574615F 
 764      636F6E66 
 764      69676563 
 764      6300
 765              	.LASF8:
 766 00f9 756E7369 		.ascii	"unsigned int\000"
 766      676E6564 
 766      20696E74 
 766      00
 767              	.LASF7:
 768 0106 6C6F6E67 		.ascii	"long long unsigned int\000"
 768      206C6F6E 
 768      6720756E 
 768      7369676E 
 768      65642069 
 769              	.LASF10:
 770 011d 75696E74 		.ascii	"uint8_t\000"
 770      385F7400 
 771              	.LASF15:
 772 0125 63795F6D 		.ascii	"cy_meta_flashprotect\000"
 772      6574615F 
 772      666C6173 
 772      6870726F 
 772      74656374 
 773              	.LASF14:
 774 013a 63795F6D 		.ascii	"cy_meta_wonvl\000"
 774      6574615F 
 774      776F6E76 
 774      6C00
 775              	.LASF11:
 776 0148 73697A65 		.ascii	"sizetype\000"
 776      74797065 
 776      00
 777              	.LASF6:
 778 0151 6C6F6E67 		.ascii	"long long int\000"
 778      206C6F6E 
 778      6720696E 
 778      7400
 779              	.LASF2:
 780 015f 73686F72 		.ascii	"short int\000"
 780      7420696E 
 780      7400
 781              	.LASF19:
 782 0169 433A5C44 		.ascii	"C:\\Documents\\ULB\\BA3\\ELEC-H310\\elec-h310-glimb"
 782      6F63756D 
 782      656E7473 
 782      5C554C42 
 782      5C424133 
 783 0197 616C6C5C 		.ascii	"all\\glimball-workspace\\Glimball.cydsn\000"
 783      676C696D 
 783      62616C6C 
 783      2D776F72 
 783      6B737061 
ARM GAS  C:\Users\raphu\AppData\Local\Temp\cc7EOBoL.s 			page 16


 784              	.LASF4:
 785 01bd 6C6F6E67 		.ascii	"long int\000"
 785      20696E74 
 785      00
 786              	.LASF0:
 787 01c6 7369676E 		.ascii	"signed char\000"
 787      65642063 
 787      68617200 
 788              	.LASF18:
 789 01d2 47656E65 		.ascii	"Generated_Source\\PSoC5\\cymetadata.c\000"
 789      72617465 
 789      645F536F 
 789      75726365 
 789      5C50536F 
 790              		.ident	"GCC: (GNU Tools for ARM Embedded Processors) 5.4.1 20160609 (release) [ARM/embedded-5-bran
