ARM GAS  C:\Users\raphu\AppData\Local\Temp\ccRQuB8Q.s 			page 1


   1              		.syntax unified
   2              		.cpu cortex-m3
   3              		.fpu softvfp
   4              		.eabi_attribute 20, 1
   5              		.eabi_attribute 21, 1
   6              		.eabi_attribute 23, 3
   7              		.eabi_attribute 24, 1
   8              		.eabi_attribute 25, 1
   9              		.eabi_attribute 26, 1
  10              		.eabi_attribute 30, 1
  11              		.eabi_attribute 34, 1
  12              		.eabi_attribute 18, 4
  13              		.thumb
  14              		.syntax unified
  15              		.file	"functions.c"
  16              		.text
  17              	.Ltext0:
  18              		.cfi_sections	.debug_frame
  19              		.section	.text.initialize,"ax",%progbits
  20              		.align	2
  21              		.global	initialize
  22              		.thumb
  23              		.thumb_func
  24              		.type	initialize, %function
  25              	initialize:
  26              	.LFB63:
  27              		.file 1 "functions.c"
   1:functions.c   **** /**
   2:functions.c   **** * C file: write all the functions that are listed in the header file corresponding
   3:functions.c   **** * All imports and include should be done in header file
   4:functions.c   **** */
   5:functions.c   **** #include "functions.h"
   6:functions.c   **** 
   7:functions.c   **** int test_mode = 1;  // 1 = true | 0 = false
   8:functions.c   **** int glimbal_mode = 0; // 1 = true | 0 = false
   9:functions.c   **** 
  10:functions.c   **** 
  11:functions.c   **** int initialize(){
  28              		.loc 1 11 0
  29              		.cfi_startproc
  30              		@ args = 0, pretend = 0, frame = 0
  31              		@ frame_needed = 0, uses_anonymous_args = 0
  32              		@ link register save eliminated.
  33              	.LVL0:
  12:functions.c   ****     int x = 1;
  13:functions.c   ****     /*
  14:functions.c   ****     Initialisation de tous les composants de bases
  15:functions.c   ****     */
  16:functions.c   ****     return x;
  17:functions.c   ****  }
  34              		.loc 1 17 0
  35 0000 0120     		movs	r0, #1
  36 0002 7047     		bx	lr
  37              		.cfi_endproc
  38              	.LFE63:
  39              		.size	initialize, .-initialize
  40              		.section	.text.light_LEDS,"ax",%progbits
ARM GAS  C:\Users\raphu\AppData\Local\Temp\ccRQuB8Q.s 			page 2


  41              		.align	2
  42              		.global	light_LEDS
  43              		.thumb
  44              		.thumb_func
  45              		.type	light_LEDS, %function
  46              	light_LEDS:
  47              	.LFB64:
  18:functions.c   **** 
  19:functions.c   **** 
  20:functions.c   **** void light_LEDS(){
  48              		.loc 1 20 0
  49              		.cfi_startproc
  50              		@ args = 0, pretend = 0, frame = 0
  51              		@ frame_needed = 0, uses_anonymous_args = 0
  52 0000 08B5     		push	{r3, lr}
  53              		.cfi_def_cfa_offset 8
  54              		.cfi_offset 3, -8
  55              		.cfi_offset 14, -4
  21:functions.c   ****     LED1_Write(1);
  56              		.loc 1 21 0
  57 0002 0120     		movs	r0, #1
  58 0004 FFF7FEFF 		bl	LED1_Write
  59              	.LVL1:
  22:functions.c   ****     LED2_Write(1);
  60              		.loc 1 22 0
  61 0008 0120     		movs	r0, #1
  62 000a FFF7FEFF 		bl	LED2_Write
  63              	.LVL2:
  23:functions.c   ****     LED3_Write(1),
  64              		.loc 1 23 0
  65 000e 0120     		movs	r0, #1
  66 0010 FFF7FEFF 		bl	LED3_Write
  67              	.LVL3:
  24:functions.c   ****     LED4_Write(1);
  68              		.loc 1 24 0
  69 0014 0120     		movs	r0, #1
  70 0016 FFF7FEFF 		bl	LED4_Write
  71              	.LVL4:
  72 001a 08BD     		pop	{r3, pc}
  73              		.cfi_endproc
  74              	.LFE64:
  75              		.size	light_LEDS, .-light_LEDS
  76              		.section	.text.turn_off_LEDS,"ax",%progbits
  77              		.align	2
  78              		.global	turn_off_LEDS
  79              		.thumb
  80              		.thumb_func
  81              		.type	turn_off_LEDS, %function
  82              	turn_off_LEDS:
  83              	.LFB65:
  25:functions.c   **** }
  26:functions.c   **** 
  27:functions.c   **** void turn_off_LEDS(){
  84              		.loc 1 27 0
  85              		.cfi_startproc
  86              		@ args = 0, pretend = 0, frame = 0
  87              		@ frame_needed = 0, uses_anonymous_args = 0
ARM GAS  C:\Users\raphu\AppData\Local\Temp\ccRQuB8Q.s 			page 3


  88 0000 08B5     		push	{r3, lr}
  89              		.cfi_def_cfa_offset 8
  90              		.cfi_offset 3, -8
  91              		.cfi_offset 14, -4
  28:functions.c   ****     LED1_Write(0);
  92              		.loc 1 28 0
  93 0002 0020     		movs	r0, #0
  94 0004 FFF7FEFF 		bl	LED1_Write
  95              	.LVL5:
  29:functions.c   ****     LED2_Write(0);
  96              		.loc 1 29 0
  97 0008 0020     		movs	r0, #0
  98 000a FFF7FEFF 		bl	LED2_Write
  99              	.LVL6:
  30:functions.c   ****     LED3_Write(0),
 100              		.loc 1 30 0
 101 000e 0020     		movs	r0, #0
 102 0010 FFF7FEFF 		bl	LED3_Write
 103              	.LVL7:
  31:functions.c   ****     LED4_Write(0);
 104              		.loc 1 31 0
 105 0014 0020     		movs	r0, #0
 106 0016 FFF7FEFF 		bl	LED4_Write
 107              	.LVL8:
 108 001a 08BD     		pop	{r3, pc}
 109              		.cfi_endproc
 110              	.LFE65:
 111              		.size	turn_off_LEDS, .-turn_off_LEDS
 112              		.global	glimbal_mode
 113              		.global	test_mode
 114              		.data
 115              		.align	2
 116              		.type	test_mode, %object
 117              		.size	test_mode, 4
 118              	test_mode:
 119 0000 01000000 		.word	1
 120              		.bss
 121              		.align	2
 122              		.type	glimbal_mode, %object
 123              		.size	glimbal_mode, 4
 124              	glimbal_mode:
 125 0000 00000000 		.space	4
 126              		.text
 127              	.Letext0:
 128              		.file 2 "c:\\program files (x86)\\cypress\\psoc creator\\4.4\\psoc creator\\import\\gnu\\arm\\5.4.
 129              		.file 3 "c:\\program files (x86)\\cypress\\psoc creator\\4.4\\psoc creator\\import\\gnu\\arm\\5.4.
 130              		.file 4 "Generated_Source\\PSoC5/core_cm3.h"
 131              		.file 5 "Generated_Source\\PSoC5/LED1.h"
 132              		.file 6 "Generated_Source\\PSoC5/LED2.h"
 133              		.file 7 "Generated_Source\\PSoC5/LED3.h"
 134              		.file 8 "Generated_Source\\PSoC5/LED4.h"
 135              		.section	.debug_info,"",%progbits
 136              	.Ldebug_info0:
 137 0000 E0010000 		.4byte	0x1e0
 138 0004 0400     		.2byte	0x4
 139 0006 00000000 		.4byte	.Ldebug_abbrev0
 140 000a 04       		.byte	0x4
ARM GAS  C:\Users\raphu\AppData\Local\Temp\ccRQuB8Q.s 			page 4


 141 000b 01       		.uleb128 0x1
 142 000c 5E000000 		.4byte	.LASF25
 143 0010 0C       		.byte	0xc
 144 0011 2B000000 		.4byte	.LASF26
 145 0015 AA010000 		.4byte	.LASF27
 146 0019 00000000 		.4byte	.Ldebug_ranges0+0
 147 001d 00000000 		.4byte	0
 148 0021 00000000 		.4byte	.Ldebug_line0
 149 0025 02       		.uleb128 0x2
 150 0026 01       		.byte	0x1
 151 0027 06       		.byte	0x6
 152 0028 13020000 		.4byte	.LASF0
 153 002c 02       		.uleb128 0x2
 154 002d 01       		.byte	0x1
 155 002e 08       		.byte	0x8
 156 002f 1E010000 		.4byte	.LASF1
 157 0033 02       		.uleb128 0x2
 158 0034 02       		.byte	0x2
 159 0035 05       		.byte	0x5
 160 0036 A0010000 		.4byte	.LASF2
 161 003a 02       		.uleb128 0x2
 162 003b 02       		.byte	0x2
 163 003c 07       		.byte	0x7
 164 003d FE000000 		.4byte	.LASF3
 165 0041 03       		.uleb128 0x3
 166 0042 0B000000 		.4byte	.LASF9
 167 0046 02       		.byte	0x2
 168 0047 3F       		.byte	0x3f
 169 0048 4C000000 		.4byte	0x4c
 170 004c 02       		.uleb128 0x2
 171 004d 04       		.byte	0x4
 172 004e 05       		.byte	0x5
 173 004f FE010000 		.4byte	.LASF4
 174 0053 02       		.uleb128 0x2
 175 0054 04       		.byte	0x4
 176 0055 07       		.byte	0x7
 177 0056 EC000000 		.4byte	.LASF5
 178 005a 02       		.uleb128 0x2
 179 005b 08       		.byte	0x8
 180 005c 05       		.byte	0x5
 181 005d 76010000 		.4byte	.LASF6
 182 0061 02       		.uleb128 0x2
 183 0062 08       		.byte	0x8
 184 0063 07       		.byte	0x7
 185 0064 4E010000 		.4byte	.LASF7
 186 0068 04       		.uleb128 0x4
 187 0069 04       		.byte	0x4
 188 006a 05       		.byte	0x5
 189 006b 696E7400 		.ascii	"int\000"
 190 006f 02       		.uleb128 0x2
 191 0070 04       		.byte	0x4
 192 0071 07       		.byte	0x7
 193 0072 41010000 		.4byte	.LASF8
 194 0076 03       		.uleb128 0x3
 195 0077 65010000 		.4byte	.LASF10
 196 007b 03       		.byte	0x3
 197 007c 2C       		.byte	0x2c
ARM GAS  C:\Users\raphu\AppData\Local\Temp\ccRQuB8Q.s 			page 5


 198 007d 41000000 		.4byte	0x41
 199 0081 02       		.uleb128 0x2
 200 0082 04       		.byte	0x4
 201 0083 04       		.byte	0x4
 202 0084 4D000000 		.4byte	.LASF11
 203 0088 02       		.uleb128 0x2
 204 0089 08       		.byte	0x8
 205 008a 04       		.byte	0x4
 206 008b 2C010000 		.4byte	.LASF12
 207 008f 02       		.uleb128 0x2
 208 0090 01       		.byte	0x1
 209 0091 08       		.byte	0x8
 210 0092 8E010000 		.4byte	.LASF13
 211 0096 02       		.uleb128 0x2
 212 0097 04       		.byte	0x4
 213 0098 07       		.byte	0x7
 214 0099 6D010000 		.4byte	.LASF14
 215 009d 02       		.uleb128 0x2
 216 009e 08       		.byte	0x8
 217 009f 04       		.byte	0x4
 218 00a0 07020000 		.4byte	.LASF15
 219 00a4 05       		.uleb128 0x5
 220 00a5 20000000 		.4byte	.LASF28
 221 00a9 01       		.byte	0x1
 222 00aa 0B       		.byte	0xb
 223 00ab 68000000 		.4byte	0x68
 224 00af 00000000 		.4byte	.LFB63
 225 00b3 04000000 		.4byte	.LFE63-.LFB63
 226 00b7 01       		.uleb128 0x1
 227 00b8 9C       		.byte	0x9c
 228 00b9 C8000000 		.4byte	0xc8
 229 00bd 06       		.uleb128 0x6
 230 00be 7800     		.ascii	"x\000"
 231 00c0 01       		.byte	0x1
 232 00c1 0C       		.byte	0xc
 233 00c2 68000000 		.4byte	0x68
 234 00c6 01       		.byte	0x1
 235 00c7 00       		.byte	0
 236 00c8 07       		.uleb128 0x7
 237 00c9 42000000 		.4byte	.LASF16
 238 00cd 01       		.byte	0x1
 239 00ce 14       		.byte	0x14
 240 00cf 00000000 		.4byte	.LFB64
 241 00d3 1C000000 		.4byte	.LFE64-.LFB64
 242 00d7 01       		.uleb128 0x1
 243 00d8 9C       		.byte	0x9c
 244 00d9 26010000 		.4byte	0x126
 245 00dd 08       		.uleb128 0x8
 246 00de 08000000 		.4byte	.LVL1
 247 00e2 B7010000 		.4byte	0x1b7
 248 00e6 F0000000 		.4byte	0xf0
 249 00ea 09       		.uleb128 0x9
 250 00eb 01       		.uleb128 0x1
 251 00ec 50       		.byte	0x50
 252 00ed 01       		.uleb128 0x1
 253 00ee 31       		.byte	0x31
 254 00ef 00       		.byte	0
ARM GAS  C:\Users\raphu\AppData\Local\Temp\ccRQuB8Q.s 			page 6


 255 00f0 08       		.uleb128 0x8
 256 00f1 0E000000 		.4byte	.LVL2
 257 00f5 C2010000 		.4byte	0x1c2
 258 00f9 03010000 		.4byte	0x103
 259 00fd 09       		.uleb128 0x9
 260 00fe 01       		.uleb128 0x1
 261 00ff 50       		.byte	0x50
 262 0100 01       		.uleb128 0x1
 263 0101 31       		.byte	0x31
 264 0102 00       		.byte	0
 265 0103 08       		.uleb128 0x8
 266 0104 14000000 		.4byte	.LVL3
 267 0108 CD010000 		.4byte	0x1cd
 268 010c 16010000 		.4byte	0x116
 269 0110 09       		.uleb128 0x9
 270 0111 01       		.uleb128 0x1
 271 0112 50       		.byte	0x50
 272 0113 01       		.uleb128 0x1
 273 0114 31       		.byte	0x31
 274 0115 00       		.byte	0
 275 0116 0A       		.uleb128 0xa
 276 0117 1A000000 		.4byte	.LVL4
 277 011b D8010000 		.4byte	0x1d8
 278 011f 09       		.uleb128 0x9
 279 0120 01       		.uleb128 0x1
 280 0121 50       		.byte	0x50
 281 0122 01       		.uleb128 0x1
 282 0123 31       		.byte	0x31
 283 0124 00       		.byte	0
 284 0125 00       		.byte	0
 285 0126 07       		.uleb128 0x7
 286 0127 33010000 		.4byte	.LASF17
 287 012b 01       		.byte	0x1
 288 012c 1B       		.byte	0x1b
 289 012d 00000000 		.4byte	.LFB65
 290 0131 1C000000 		.4byte	.LFE65-.LFB65
 291 0135 01       		.uleb128 0x1
 292 0136 9C       		.byte	0x9c
 293 0137 84010000 		.4byte	0x184
 294 013b 08       		.uleb128 0x8
 295 013c 08000000 		.4byte	.LVL5
 296 0140 B7010000 		.4byte	0x1b7
 297 0144 4E010000 		.4byte	0x14e
 298 0148 09       		.uleb128 0x9
 299 0149 01       		.uleb128 0x1
 300 014a 50       		.byte	0x50
 301 014b 01       		.uleb128 0x1
 302 014c 30       		.byte	0x30
 303 014d 00       		.byte	0
 304 014e 08       		.uleb128 0x8
 305 014f 0E000000 		.4byte	.LVL6
 306 0153 C2010000 		.4byte	0x1c2
 307 0157 61010000 		.4byte	0x161
 308 015b 09       		.uleb128 0x9
 309 015c 01       		.uleb128 0x1
 310 015d 50       		.byte	0x50
 311 015e 01       		.uleb128 0x1
ARM GAS  C:\Users\raphu\AppData\Local\Temp\ccRQuB8Q.s 			page 7


 312 015f 30       		.byte	0x30
 313 0160 00       		.byte	0
 314 0161 08       		.uleb128 0x8
 315 0162 14000000 		.4byte	.LVL7
 316 0166 CD010000 		.4byte	0x1cd
 317 016a 74010000 		.4byte	0x174
 318 016e 09       		.uleb128 0x9
 319 016f 01       		.uleb128 0x1
 320 0170 50       		.byte	0x50
 321 0171 01       		.uleb128 0x1
 322 0172 30       		.byte	0x30
 323 0173 00       		.byte	0
 324 0174 0A       		.uleb128 0xa
 325 0175 1A000000 		.4byte	.LVL8
 326 0179 D8010000 		.4byte	0x1d8
 327 017d 09       		.uleb128 0x9
 328 017e 01       		.uleb128 0x1
 329 017f 50       		.byte	0x50
 330 0180 01       		.uleb128 0x1
 331 0181 30       		.byte	0x30
 332 0182 00       		.byte	0
 333 0183 00       		.byte	0
 334 0184 0B       		.uleb128 0xb
 335 0185 11010000 		.4byte	.LASF18
 336 0189 04       		.byte	0x4
 337 018a 1207     		.2byte	0x712
 338 018c 90010000 		.4byte	0x190
 339 0190 0C       		.uleb128 0xc
 340 0191 76000000 		.4byte	0x76
 341 0195 0D       		.uleb128 0xd
 342 0196 84010000 		.4byte	.LASF19
 343 019a 01       		.byte	0x1
 344 019b 07       		.byte	0x7
 345 019c 68000000 		.4byte	0x68
 346 01a0 05       		.uleb128 0x5
 347 01a1 03       		.byte	0x3
 348 01a2 00000000 		.4byte	test_mode
 349 01a6 0D       		.uleb128 0xd
 350 01a7 93010000 		.4byte	.LASF20
 351 01ab 01       		.byte	0x1
 352 01ac 08       		.byte	0x8
 353 01ad 68000000 		.4byte	0x68
 354 01b1 05       		.uleb128 0x5
 355 01b2 03       		.byte	0x3
 356 01b3 00000000 		.4byte	glimbal_mode
 357 01b7 0E       		.uleb128 0xe
 358 01b8 00000000 		.4byte	.LASF21
 359 01bc 00000000 		.4byte	.LASF21
 360 01c0 05       		.byte	0x5
 361 01c1 26       		.byte	0x26
 362 01c2 0E       		.uleb128 0xe
 363 01c3 15000000 		.4byte	.LASF22
 364 01c7 15000000 		.4byte	.LASF22
 365 01cb 06       		.byte	0x6
 366 01cc 26       		.byte	0x26
 367 01cd 0E       		.uleb128 0xe
 368 01ce 37000000 		.4byte	.LASF23
ARM GAS  C:\Users\raphu\AppData\Local\Temp\ccRQuB8Q.s 			page 8


 369 01d2 37000000 		.4byte	.LASF23
 370 01d6 07       		.byte	0x7
 371 01d7 26       		.byte	0x26
 372 01d8 0E       		.uleb128 0xe
 373 01d9 53000000 		.4byte	.LASF24
 374 01dd 53000000 		.4byte	.LASF24
 375 01e1 08       		.byte	0x8
 376 01e2 26       		.byte	0x26
 377 01e3 00       		.byte	0
 378              		.section	.debug_abbrev,"",%progbits
 379              	.Ldebug_abbrev0:
 380 0000 01       		.uleb128 0x1
 381 0001 11       		.uleb128 0x11
 382 0002 01       		.byte	0x1
 383 0003 25       		.uleb128 0x25
 384 0004 0E       		.uleb128 0xe
 385 0005 13       		.uleb128 0x13
 386 0006 0B       		.uleb128 0xb
 387 0007 03       		.uleb128 0x3
 388 0008 0E       		.uleb128 0xe
 389 0009 1B       		.uleb128 0x1b
 390 000a 0E       		.uleb128 0xe
 391 000b 55       		.uleb128 0x55
 392 000c 17       		.uleb128 0x17
 393 000d 11       		.uleb128 0x11
 394 000e 01       		.uleb128 0x1
 395 000f 10       		.uleb128 0x10
 396 0010 17       		.uleb128 0x17
 397 0011 00       		.byte	0
 398 0012 00       		.byte	0
 399 0013 02       		.uleb128 0x2
 400 0014 24       		.uleb128 0x24
 401 0015 00       		.byte	0
 402 0016 0B       		.uleb128 0xb
 403 0017 0B       		.uleb128 0xb
 404 0018 3E       		.uleb128 0x3e
 405 0019 0B       		.uleb128 0xb
 406 001a 03       		.uleb128 0x3
 407 001b 0E       		.uleb128 0xe
 408 001c 00       		.byte	0
 409 001d 00       		.byte	0
 410 001e 03       		.uleb128 0x3
 411 001f 16       		.uleb128 0x16
 412 0020 00       		.byte	0
 413 0021 03       		.uleb128 0x3
 414 0022 0E       		.uleb128 0xe
 415 0023 3A       		.uleb128 0x3a
 416 0024 0B       		.uleb128 0xb
 417 0025 3B       		.uleb128 0x3b
 418 0026 0B       		.uleb128 0xb
 419 0027 49       		.uleb128 0x49
 420 0028 13       		.uleb128 0x13
 421 0029 00       		.byte	0
 422 002a 00       		.byte	0
 423 002b 04       		.uleb128 0x4
 424 002c 24       		.uleb128 0x24
 425 002d 00       		.byte	0
ARM GAS  C:\Users\raphu\AppData\Local\Temp\ccRQuB8Q.s 			page 9


 426 002e 0B       		.uleb128 0xb
 427 002f 0B       		.uleb128 0xb
 428 0030 3E       		.uleb128 0x3e
 429 0031 0B       		.uleb128 0xb
 430 0032 03       		.uleb128 0x3
 431 0033 08       		.uleb128 0x8
 432 0034 00       		.byte	0
 433 0035 00       		.byte	0
 434 0036 05       		.uleb128 0x5
 435 0037 2E       		.uleb128 0x2e
 436 0038 01       		.byte	0x1
 437 0039 3F       		.uleb128 0x3f
 438 003a 19       		.uleb128 0x19
 439 003b 03       		.uleb128 0x3
 440 003c 0E       		.uleb128 0xe
 441 003d 3A       		.uleb128 0x3a
 442 003e 0B       		.uleb128 0xb
 443 003f 3B       		.uleb128 0x3b
 444 0040 0B       		.uleb128 0xb
 445 0041 49       		.uleb128 0x49
 446 0042 13       		.uleb128 0x13
 447 0043 11       		.uleb128 0x11
 448 0044 01       		.uleb128 0x1
 449 0045 12       		.uleb128 0x12
 450 0046 06       		.uleb128 0x6
 451 0047 40       		.uleb128 0x40
 452 0048 18       		.uleb128 0x18
 453 0049 9742     		.uleb128 0x2117
 454 004b 19       		.uleb128 0x19
 455 004c 01       		.uleb128 0x1
 456 004d 13       		.uleb128 0x13
 457 004e 00       		.byte	0
 458 004f 00       		.byte	0
 459 0050 06       		.uleb128 0x6
 460 0051 34       		.uleb128 0x34
 461 0052 00       		.byte	0
 462 0053 03       		.uleb128 0x3
 463 0054 08       		.uleb128 0x8
 464 0055 3A       		.uleb128 0x3a
 465 0056 0B       		.uleb128 0xb
 466 0057 3B       		.uleb128 0x3b
 467 0058 0B       		.uleb128 0xb
 468 0059 49       		.uleb128 0x49
 469 005a 13       		.uleb128 0x13
 470 005b 1C       		.uleb128 0x1c
 471 005c 0B       		.uleb128 0xb
 472 005d 00       		.byte	0
 473 005e 00       		.byte	0
 474 005f 07       		.uleb128 0x7
 475 0060 2E       		.uleb128 0x2e
 476 0061 01       		.byte	0x1
 477 0062 3F       		.uleb128 0x3f
 478 0063 19       		.uleb128 0x19
 479 0064 03       		.uleb128 0x3
 480 0065 0E       		.uleb128 0xe
 481 0066 3A       		.uleb128 0x3a
 482 0067 0B       		.uleb128 0xb
ARM GAS  C:\Users\raphu\AppData\Local\Temp\ccRQuB8Q.s 			page 10


 483 0068 3B       		.uleb128 0x3b
 484 0069 0B       		.uleb128 0xb
 485 006a 11       		.uleb128 0x11
 486 006b 01       		.uleb128 0x1
 487 006c 12       		.uleb128 0x12
 488 006d 06       		.uleb128 0x6
 489 006e 40       		.uleb128 0x40
 490 006f 18       		.uleb128 0x18
 491 0070 9742     		.uleb128 0x2117
 492 0072 19       		.uleb128 0x19
 493 0073 01       		.uleb128 0x1
 494 0074 13       		.uleb128 0x13
 495 0075 00       		.byte	0
 496 0076 00       		.byte	0
 497 0077 08       		.uleb128 0x8
 498 0078 898201   		.uleb128 0x4109
 499 007b 01       		.byte	0x1
 500 007c 11       		.uleb128 0x11
 501 007d 01       		.uleb128 0x1
 502 007e 31       		.uleb128 0x31
 503 007f 13       		.uleb128 0x13
 504 0080 01       		.uleb128 0x1
 505 0081 13       		.uleb128 0x13
 506 0082 00       		.byte	0
 507 0083 00       		.byte	0
 508 0084 09       		.uleb128 0x9
 509 0085 8A8201   		.uleb128 0x410a
 510 0088 00       		.byte	0
 511 0089 02       		.uleb128 0x2
 512 008a 18       		.uleb128 0x18
 513 008b 9142     		.uleb128 0x2111
 514 008d 18       		.uleb128 0x18
 515 008e 00       		.byte	0
 516 008f 00       		.byte	0
 517 0090 0A       		.uleb128 0xa
 518 0091 898201   		.uleb128 0x4109
 519 0094 01       		.byte	0x1
 520 0095 11       		.uleb128 0x11
 521 0096 01       		.uleb128 0x1
 522 0097 31       		.uleb128 0x31
 523 0098 13       		.uleb128 0x13
 524 0099 00       		.byte	0
 525 009a 00       		.byte	0
 526 009b 0B       		.uleb128 0xb
 527 009c 34       		.uleb128 0x34
 528 009d 00       		.byte	0
 529 009e 03       		.uleb128 0x3
 530 009f 0E       		.uleb128 0xe
 531 00a0 3A       		.uleb128 0x3a
 532 00a1 0B       		.uleb128 0xb
 533 00a2 3B       		.uleb128 0x3b
 534 00a3 05       		.uleb128 0x5
 535 00a4 49       		.uleb128 0x49
 536 00a5 13       		.uleb128 0x13
 537 00a6 3F       		.uleb128 0x3f
 538 00a7 19       		.uleb128 0x19
 539 00a8 3C       		.uleb128 0x3c
ARM GAS  C:\Users\raphu\AppData\Local\Temp\ccRQuB8Q.s 			page 11


 540 00a9 19       		.uleb128 0x19
 541 00aa 00       		.byte	0
 542 00ab 00       		.byte	0
 543 00ac 0C       		.uleb128 0xc
 544 00ad 35       		.uleb128 0x35
 545 00ae 00       		.byte	0
 546 00af 49       		.uleb128 0x49
 547 00b0 13       		.uleb128 0x13
 548 00b1 00       		.byte	0
 549 00b2 00       		.byte	0
 550 00b3 0D       		.uleb128 0xd
 551 00b4 34       		.uleb128 0x34
 552 00b5 00       		.byte	0
 553 00b6 03       		.uleb128 0x3
 554 00b7 0E       		.uleb128 0xe
 555 00b8 3A       		.uleb128 0x3a
 556 00b9 0B       		.uleb128 0xb
 557 00ba 3B       		.uleb128 0x3b
 558 00bb 0B       		.uleb128 0xb
 559 00bc 49       		.uleb128 0x49
 560 00bd 13       		.uleb128 0x13
 561 00be 3F       		.uleb128 0x3f
 562 00bf 19       		.uleb128 0x19
 563 00c0 02       		.uleb128 0x2
 564 00c1 18       		.uleb128 0x18
 565 00c2 00       		.byte	0
 566 00c3 00       		.byte	0
 567 00c4 0E       		.uleb128 0xe
 568 00c5 2E       		.uleb128 0x2e
 569 00c6 00       		.byte	0
 570 00c7 3F       		.uleb128 0x3f
 571 00c8 19       		.uleb128 0x19
 572 00c9 3C       		.uleb128 0x3c
 573 00ca 19       		.uleb128 0x19
 574 00cb 6E       		.uleb128 0x6e
 575 00cc 0E       		.uleb128 0xe
 576 00cd 03       		.uleb128 0x3
 577 00ce 0E       		.uleb128 0xe
 578 00cf 3A       		.uleb128 0x3a
 579 00d0 0B       		.uleb128 0xb
 580 00d1 3B       		.uleb128 0x3b
 581 00d2 0B       		.uleb128 0xb
 582 00d3 00       		.byte	0
 583 00d4 00       		.byte	0
 584 00d5 00       		.byte	0
 585              		.section	.debug_aranges,"",%progbits
 586 0000 2C000000 		.4byte	0x2c
 587 0004 0200     		.2byte	0x2
 588 0006 00000000 		.4byte	.Ldebug_info0
 589 000a 04       		.byte	0x4
 590 000b 00       		.byte	0
 591 000c 0000     		.2byte	0
 592 000e 0000     		.2byte	0
 593 0010 00000000 		.4byte	.LFB63
 594 0014 04000000 		.4byte	.LFE63-.LFB63
 595 0018 00000000 		.4byte	.LFB64
 596 001c 1C000000 		.4byte	.LFE64-.LFB64
ARM GAS  C:\Users\raphu\AppData\Local\Temp\ccRQuB8Q.s 			page 12


 597 0020 00000000 		.4byte	.LFB65
 598 0024 1C000000 		.4byte	.LFE65-.LFB65
 599 0028 00000000 		.4byte	0
 600 002c 00000000 		.4byte	0
 601              		.section	.debug_ranges,"",%progbits
 602              	.Ldebug_ranges0:
 603 0000 00000000 		.4byte	.LFB63
 604 0004 04000000 		.4byte	.LFE63
 605 0008 00000000 		.4byte	.LFB64
 606 000c 1C000000 		.4byte	.LFE64
 607 0010 00000000 		.4byte	.LFB65
 608 0014 1C000000 		.4byte	.LFE65
 609 0018 00000000 		.4byte	0
 610 001c 00000000 		.4byte	0
 611              		.section	.debug_line,"",%progbits
 612              	.Ldebug_line0:
 613 0000 A8010000 		.section	.debug_str,"MS",%progbits,1
 613      02006C01 
 613      00000201 
 613      FB0E0D00 
 613      01010101 
 614              	.LASF21:
 615 0000 4C454431 		.ascii	"LED1_Write\000"
 615      5F577269 
 615      746500
 616              	.LASF9:
 617 000b 5F5F696E 		.ascii	"__int32_t\000"
 617      7433325F 
 617      7400
 618              	.LASF22:
 619 0015 4C454432 		.ascii	"LED2_Write\000"
 619      5F577269 
 619      746500
 620              	.LASF28:
 621 0020 696E6974 		.ascii	"initialize\000"
 621      69616C69 
 621      7A6500
 622              	.LASF26:
 623 002b 66756E63 		.ascii	"functions.c\000"
 623      74696F6E 
 623      732E6300 
 624              	.LASF23:
 625 0037 4C454433 		.ascii	"LED3_Write\000"
 625      5F577269 
 625      746500
 626              	.LASF16:
 627 0042 6C696768 		.ascii	"light_LEDS\000"
 627      745F4C45 
 627      445300
 628              	.LASF11:
 629 004d 666C6F61 		.ascii	"float\000"
 629      7400
 630              	.LASF24:
 631 0053 4C454434 		.ascii	"LED4_Write\000"
 631      5F577269 
 631      746500
 632              	.LASF25:
ARM GAS  C:\Users\raphu\AppData\Local\Temp\ccRQuB8Q.s 			page 13


 633 005e 474E5520 		.ascii	"GNU C11 5.4.1 20160609 (release) [ARM/embedded-5-br"
 633      43313120 
 633      352E342E 
 633      31203230 
 633      31363036 
 634 0091 616E6368 		.ascii	"anch revision 237715] -mcpu=cortex-m3 -mthumb -g -O"
 634      20726576 
 634      6973696F 
 634      6E203233 
 634      37373135 
 635 00c4 67202D66 		.ascii	"g -ffunction-sections -ffat-lto-objects\000"
 635      66756E63 
 635      74696F6E 
 635      2D736563 
 635      74696F6E 
 636              	.LASF5:
 637 00ec 6C6F6E67 		.ascii	"long unsigned int\000"
 637      20756E73 
 637      69676E65 
 637      6420696E 
 637      7400
 638              	.LASF3:
 639 00fe 73686F72 		.ascii	"short unsigned int\000"
 639      7420756E 
 639      7369676E 
 639      65642069 
 639      6E7400
 640              	.LASF18:
 641 0111 49544D5F 		.ascii	"ITM_RxBuffer\000"
 641      52784275 
 641      66666572 
 641      00
 642              	.LASF1:
 643 011e 756E7369 		.ascii	"unsigned char\000"
 643      676E6564 
 643      20636861 
 643      7200
 644              	.LASF12:
 645 012c 646F7562 		.ascii	"double\000"
 645      6C6500
 646              	.LASF17:
 647 0133 7475726E 		.ascii	"turn_off_LEDS\000"
 647      5F6F6666 
 647      5F4C4544 
 647      5300
 648              	.LASF8:
 649 0141 756E7369 		.ascii	"unsigned int\000"
 649      676E6564 
 649      20696E74 
 649      00
 650              	.LASF7:
 651 014e 6C6F6E67 		.ascii	"long long unsigned int\000"
 651      206C6F6E 
 651      6720756E 
 651      7369676E 
 651      65642069 
 652              	.LASF10:
ARM GAS  C:\Users\raphu\AppData\Local\Temp\ccRQuB8Q.s 			page 14


 653 0165 696E7433 		.ascii	"int32_t\000"
 653      325F7400 
 654              	.LASF14:
 655 016d 73697A65 		.ascii	"sizetype\000"
 655      74797065 
 655      00
 656              	.LASF6:
 657 0176 6C6F6E67 		.ascii	"long long int\000"
 657      206C6F6E 
 657      6720696E 
 657      7400
 658              	.LASF19:
 659 0184 74657374 		.ascii	"test_mode\000"
 659      5F6D6F64 
 659      6500
 660              	.LASF13:
 661 018e 63686172 		.ascii	"char\000"
 661      00
 662              	.LASF20:
 663 0193 676C696D 		.ascii	"glimbal_mode\000"
 663      62616C5F 
 663      6D6F6465 
 663      00
 664              	.LASF2:
 665 01a0 73686F72 		.ascii	"short int\000"
 665      7420696E 
 665      7400
 666              	.LASF27:
 667 01aa 433A5C44 		.ascii	"C:\\Documents\\ULB\\BA3\\ELEC-H310\\elec-h310-glimb"
 667      6F63756D 
 667      656E7473 
 667      5C554C42 
 667      5C424133 
 668 01d8 616C6C5C 		.ascii	"all\\glimball-workspace\\Glimball.cydsn\000"
 668      676C696D 
 668      62616C6C 
 668      2D776F72 
 668      6B737061 
 669              	.LASF4:
 670 01fe 6C6F6E67 		.ascii	"long int\000"
 670      20696E74 
 670      00
 671              	.LASF15:
 672 0207 6C6F6E67 		.ascii	"long double\000"
 672      20646F75 
 672      626C6500 
 673              	.LASF0:
 674 0213 7369676E 		.ascii	"signed char\000"
 674      65642063 
 674      68617200 
 675              		.ident	"GCC: (GNU Tools for ARM Embedded Processors) 5.4.1 20160609 (release) [ARM/embedded-5-bran
